<?xml version="1.0" encoding="UTF-8"?>
<testsuite name="Test3" tests="1" skipped="0" failures="0" errors="0" timestamp="2021-09-07T18:39:57" hostname="LAPTOP-835UTMQF" time="4.736">
  <properties/>
  <testcase name="test1()" classname="Test3" time="4.736"/>
  <system-out><![CDATA[]]></system-out>
  <system-err><![CDATA[Starting ChromeDriver 92.0.4515.107 (87a818b10553a07434ea9e2b6dccf3cbe7895134-refs/branch-heads/4515@{#1634}) on port 5474
Only local connections are allowed.
Please see https://chromedriver.chromium.org/security-considerations for suggestions on keeping ChromeDriver safe.
ChromeDriver was started successfully.
[1631039997.229][WARNING]: This version of ChromeDriver has not been tested with Chrome version 93.
сент. 07, 2021 9:39:57 PM org.openqa.selenium.remote.ProtocolHandshake createSession
INFO: Detected dialect: W3C
]]></system-err>
</testsuite>
