<?xml version="1.0" encoding="UTF-8"?>
<testsuite name="tests.GoogleTest" tests="1" skipped="0" failures="0" errors="0" timestamp="2021-09-07T18:22:38" hostname="LAPTOP-835UTMQF" time="4.793">
  <properties/>
  <testcase name="test1()" classname="tests.GoogleTest" time="4.793"/>
  <system-out><![CDATA[]]></system-out>
  <system-err><![CDATA[Starting ChromeDriver 92.0.4515.107 (87a818b10553a07434ea9e2b6dccf3cbe7895134-refs/branch-heads/4515@{#1634}) on port 26809
Only local connections are allowed.
Please see https://chromedriver.chromium.org/security-considerations for suggestions on keeping ChromeDriver safe.
ChromeDriver was started successfully.
[1631038957.947][WARNING]: This version of ChromeDriver has not been tested with Chrome version 93.
сент. 07, 2021 9:22:38 PM org.openqa.selenium.remote.ProtocolHandshake createSession
INFO: Detected dialect: W3C
]]></system-err>
</testsuite>
